<?xml version="1.0" encoding="UTF-8"?>
<testsuite name="com.example.SpringBootExampleApplicationTests" tests="1" skipped="0" failures="0" errors="0" timestamp="2016-01-14T18:16:39" hostname="C02ND2XZG3QD" time="0.0">
  <properties/>
  <testcase name="contextLoads" classname="com.example.SpringBootExampleApplicationTests" time="0.0"/>
  <system-out><![CDATA[2016-01-14 12:16:39.827  INFO 1962 --- [    Test worker] o.s.t.c.support.AbstractContextLoader    : Could not detect default resource locations for test class [com.example.SpringBootExampleApplicationTests]: no resource found for suffixes {-context.xml, Context.groovy}.
2016-01-14 12:16:39.828  INFO 1962 --- [    Test worker] o.s.t.c.web.WebTestContextBootstrapper   : Loaded default TestExecutionListener class names from location [META-INF/spring.factories]: [org.springframework.test.context.web.ServletTestExecutionListener, org.springframework.test.context.support.DirtiesContextBeforeModesTestExecutionListener, org.springframework.test.context.support.DependencyInjectionTestExecutionListener, org.springframework.test.context.support.DirtiesContextTestExecutionListener, org.springframework.test.context.transaction.TransactionalTestExecutionListener, org.springframework.test.context.jdbc.SqlScriptsTestExecutionListener]
2016-01-14 12:16:39.829  INFO 1962 --- [    Test worker] o.s.t.c.web.WebTestContextBootstrapper   : Could not instantiate TestExecutionListener [org.springframework.test.context.transaction.TransactionalTestExecutionListener]. Specify custom listener classes or make the default listener classes (and their required dependencies) available. Offending class: [org/springframework/transaction/interceptor/TransactionAttributeSource]
2016-01-14 12:16:39.829  INFO 1962 --- [    Test worker] o.s.t.c.web.WebTestContextBootstrapper   : Could not instantiate TestExecutionListener [org.springframework.test.context.jdbc.SqlScriptsTestExecutionListener]. Specify custom listener classes or make the default listener classes (and their required dependencies) available. Offending class: [org/springframework/transaction/interceptor/TransactionAttribute]
2016-01-14 12:16:39.830  INFO 1962 --- [    Test worker] o.s.t.c.web.WebTestContextBootstrapper   : Using TestExecutionListeners: [org.springframework.test.context.web.ServletTestExecutionListener@5502e0a2, org.springframework.test.context.support.DirtiesContextBeforeModesTestExecutionListener@1a47bff5, org.springframework.test.context.support.DependencyInjectionTestExecutionListener@15704fd7, org.springframework.test.context.support.DirtiesContextTestExecutionListener@5541856a]
]]></system-out>
  <system-err><![CDATA[]]></system-err>
</testsuite>
